{"C:\\Users\\USUARIO\\OneDrive\\Documentos\\Mis_Repositorios\\React\\projects\\app-admin-fondos\\src\\components\\Sidebar.tsx": {"path":"C:\\Users\\USUARIO\\OneDrive\\Documentos\\Mis_Repositorios\\React\\projects\\app-admin-fondos\\src\\components\\Sidebar.tsx","statementMap":{"0":{"start":{"line":7,"column":0},"end":{"line":7,"column":16}},"1":{"start":{"line":1,"column":0},"end":{"line":1,"column":40}},"2":{"start":{"line":2,"column":0},"end":{"line":2,"column":33}},"3":{"start":{"line":3,"column":0},"end":{"line":3,"column":42}},"4":{"start":{"line":4,"column":0},"end":{"line":4,"column":42}},"5":{"start":{"line":5,"column":0},"end":{"line":5,"column":44}},"6":{"start":{"line":8,"column":38},"end":{"line":8,"column":52}},"7":{"start":{"line":9,"column":19},"end":{"line":9,"column":32}},"8":{"start":{"line":10,"column":26},"end":{"line":10,"column":65}},"9":{"start":{"line":10,"column":54},"end":{"line":10,"column":64}},"10":{"start":{"line":12,"column":2},"end":{"line":16,"column":24}},"11":{"start":{"line":13,"column":4},"end":{"line":15,"column":5}},"12":{"start":{"line":14,"column":6},"end":{"line":14,"column":null}},"13":{"start":{"line":17,"column":2},"end":{"line":36,"column":4}}},"fnMap":{"0":{"name":"Sidebar","decl":{"start":{"line":7,"column":16},"end":{"line":7,"column":23}},"loc":{"start":{"line":7,"column":23},"end":{"line":37,"column":1}}},"1":{"name":"(anonymous_1)","decl":{"start":{"line":10,"column":38},"end":{"line":10,"column":39}},"loc":{"start":{"line":10,"column":54},"end":{"line":10,"column":64}}},"2":{"name":"(anonymous_2)","decl":{"start":{"line":12,"column":12},"end":{"line":12,"column":15}},"loc":{"start":{"line":12,"column":17},"end":{"line":16,"column":3}}}},"branchMap":{"0":{"loc":{"start":{"line":13,"column":4},"end":{"line":15,"column":5}},"type":"if","locations":[{"start":{"line":13,"column":4},"end":{"line":15,"column":5}}]},"1":{"loc":{"start":{"line":20,"column":9},"end":{"line":24,"column":null}},"type":"binary-expr","locations":[{"start":{"line":20,"column":9},"end":{"line":20,"column":30}},{"start":{"line":21,"column":10},"end":{"line":23,"column":null}}]},"2":{"loc":{"start":{"line":27,"column":9},"end":{"line":32,"column":null}},"type":"binary-expr","locations":[{"start":{"line":27,"column":9},"end":{"line":27,"column":29}},{"start":{"line":28,"column":10},"end":{"line":31,"column":null}}]}},"s":{"0":1,"1":1,"2":1,"3":1,"4":1,"5":1,"6":1,"7":1,"8":1,"9":2,"10":1,"11":1,"12":0,"13":1},"f":{"0":1,"1":2,"2":1},"b":{"0":[0],"1":[1,1],"2":[1,0]}}
,"C:\\Users\\USUARIO\\OneDrive\\Documentos\\Mis_Repositorios\\React\\projects\\app-admin-fondos\\src\\components\\TableData.tsx": {"path":"C:\\Users\\USUARIO\\OneDrive\\Documentos\\Mis_Repositorios\\React\\projects\\app-admin-fondos\\src\\components\\TableData.tsx","statementMap":{"0":{"start":{"line":18,"column":0},"end":{"line":18,"column":16}},"1":{"start":{"line":2,"column":0},"end":{"line":2,"column":31}},"2":{"start":{"line":3,"column":0},"end":{"line":3,"column":44}},"3":{"start":{"line":4,"column":0},"end":{"line":4,"column":40}},"4":{"start":{"line":5,"column":0},"end":{"line":5,"column":40}},"5":{"start":{"line":6,"column":0},"end":{"line":6,"column":48}},"6":{"start":{"line":7,"column":0},"end":{"line":7,"column":48}},"7":{"start":{"line":8,"column":0},"end":{"line":8,"column":58}},"8":{"start":{"line":9,"column":0},"end":{"line":9,"column":48}},"9":{"start":{"line":10,"column":0},"end":{"line":10,"column":60}},"10":{"start":{"line":11,"column":0},"end":{"line":11,"column":46}},"11":{"start":{"line":12,"column":0},"end":{"line":12,"column":58}},"12":{"start":{"line":13,"column":0},"end":{"line":13,"column":52}},"13":{"start":{"line":14,"column":0},"end":{"line":14,"column":44}},"14":{"start":{"line":15,"column":0},"end":{"line":15,"column":48}},"15":{"start":{"line":21,"column":26},"end":{"line":21,"column":43}},"16":{"start":{"line":22,"column":40},"end":{"line":22,"column":58}},"17":{"start":{"line":23,"column":28},"end":{"line":23,"column":51}},"18":{"start":{"line":26,"column":40},"end":{"line":26,"column":52}},"19":{"start":{"line":28,"column":2},"end":{"line":30,"column":16}},"20":{"start":{"line":29,"column":4},"end":{"line":29,"column":22}},"21":{"start":{"line":32,"column":27},"end":{"line":34,"column":3}},"22":{"start":{"line":33,"column":4},"end":{"line":33,"column":21}},"23":{"start":{"line":36,"column":34},"end":{"line":39,"column":3}},"24":{"start":{"line":37,"column":4},"end":{"line":37,"column":40}},"25":{"start":{"line":38,"column":4},"end":{"line":38,"column":15}},"26":{"start":{"line":42,"column":27},"end":{"line":48,"column":3}},"27":{"start":{"line":43,"column":22},"end":{"line":43,"column":30}},"28":{"start":{"line":44,"column":4},"end":{"line":47,"column":8}},"29":{"start":{"line":44,"column":29},"end":{"line":46,"column":null}},"30":{"start":{"line":50,"column":2},"end":{"line":141,"column":4}},"31":{"start":{"line":59,"column":18},"end":{"line":60,"column":null}},"32":{"start":{"line":83,"column":18},"end":{"line":83,"column":null}},"33":{"start":{"line":85,"column":36},"end":{"line":85,"column":50}},"34":{"start":{"line":86,"column":22},"end":{"line":91,"column":24}},"35":{"start":{"line":99,"column":43},"end":{"line":99,"column":70}},"36":{"start":{"line":111,"column":45},"end":{"line":111,"column":72}},"37":{"start":{"line":118,"column":45},"end":{"line":118,"column":59}}},"fnMap":{"0":{"name":"TableData","decl":{"start":{"line":18,"column":16},"end":{"line":18,"column":25}},"loc":{"start":{"line":20,"column":42},"end":{"line":142,"column":1}}},"1":{"name":"(anonymous_8)","decl":{"start":{"line":28,"column":12},"end":{"line":28,"column":15}},"loc":{"start":{"line":28,"column":17},"end":{"line":30,"column":3}}},"2":{"name":"(anonymous_9)","decl":{"start":{"line":32,"column":27},"end":{"line":32,"column":28}},"loc":{"start":{"line":32,"column":63},"end":{"line":34,"column":3}}},"3":{"name":"(anonymous_10)","decl":{"start":{"line":36,"column":34},"end":{"line":36,"column":35}},"loc":{"start":{"line":36,"column":81},"end":{"line":39,"column":3}}},"4":{"name":"(anonymous_11)","decl":{"start":{"line":42,"column":27},"end":{"line":42,"column":28}},"loc":{"start":{"line":42,"column":40},"end":{"line":48,"column":3}}},"5":{"name":"(anonymous_12)","decl":{"start":{"line":44,"column":19},"end":{"line":44,"column":20}},"loc":{"start":{"line":44,"column":29},"end":{"line":46,"column":null}}},"6":{"name":"(anonymous_13)","decl":{"start":{"line":58,"column":33},"end":{"line":58,"column":34}},"loc":{"start":{"line":59,"column":18},"end":{"line":60,"column":null}}},"7":{"name":"(anonymous_14)","decl":{"start":{"line":81,"column":21},"end":{"line":81,"column":22}},"loc":{"start":{"line":83,"column":18},"end":{"line":83,"column":null}}},"8":{"name":"(anonymous_15)","decl":{"start":{"line":84,"column":37},"end":{"line":84,"column":38}},"loc":{"start":{"line":84,"column":66},"end":{"line":92,"column":21}}},"9":{"name":"(anonymous_16)","decl":{"start":{"line":99,"column":36},"end":{"line":99,"column":37}},"loc":{"start":{"line":99,"column":43},"end":{"line":99,"column":70}}},"10":{"name":"(anonymous_17)","decl":{"start":{"line":111,"column":39},"end":{"line":111,"column":42}},"loc":{"start":{"line":111,"column":45},"end":{"line":111,"column":72}}},"11":{"name":"(anonymous_18)","decl":{"start":{"line":118,"column":39},"end":{"line":118,"column":42}},"loc":{"start":{"line":118,"column":45},"end":{"line":118,"column":59}}}},"branchMap":{"0":{"loc":{"start":{"line":23,"column":37},"end":{"line":23,"column":50}},"type":"binary-expr","locations":[{"start":{"line":23,"column":37},"end":{"line":23,"column":44}},{"start":{"line":23,"column":48},"end":{"line":23,"column":50}}]},"1":{"loc":{"start":{"line":69,"column":17},"end":{"line":70,"column":null}},"type":"binary-expr","locations":[{"start":{"line":69,"column":17},"end":{"line":69,"column":41}},{"start":{"line":70,"column":18},"end":{"line":70,"column":54}}]},"2":{"loc":{"start":{"line":74,"column":17},"end":{"line":74,"column":85}},"type":"cond-expr","locations":[{"start":{"line":74,"column":47},"end":{"line":74,"column":78}},{"start":{"line":74,"column":81},"end":{"line":74,"column":85}}]},"3":{"loc":{"start":{"line":89,"column":27},"end":{"line":89,"column":100}},"type":"cond-expr","locations":[{"start":{"line":89,"column":72},"end":{"line":89,"column":92}},{"start":{"line":89,"column":95},"end":{"line":89,"column":100}}]},"4":{"loc":{"start":{"line":89,"column":27},"end":{"line":89,"column":69}},"type":"binary-expr","locations":[{"start":{"line":89,"column":27},"end":{"line":89,"column":40}},{"start":{"line":89,"column":44},"end":{"line":89,"column":69}}]},"5":{"loc":{"start":{"line":88,"column":56},"end":{"line":88,"column":78}},"type":"binary-expr","locations":[{"start":{"line":88,"column":56},"end":{"line":88,"column":66}},{"start":{"line":88,"column":70},"end":{"line":88,"column":78}}]},"6":{"loc":{"start":{"line":95,"column":21},"end":{"line":102,"column":null}},"type":"binary-expr","locations":[{"start":{"line":95,"column":21},"end":{"line":95,"column":45}},{"start":{"line":96,"column":22},"end":{"line":96,"column":null}}]},"7":{"loc":{"start":{"line":98,"column":33},"end":{"line":98,"column":58}},"type":"binary-expr","locations":[{"start":{"line":98,"column":33},"end":{"line":98,"column":52}},{"start":{"line":98,"column":56},"end":{"line":98,"column":58}}]},"8":{"loc":{"start":{"line":96,"column":46},"end":{"line":96,"column":68}},"type":"binary-expr","locations":[{"start":{"line":96,"column":46},"end":{"line":96,"column":56}},{"start":{"line":96,"column":60},"end":{"line":96,"column":68}}]},"9":{"loc":{"start":{"line":106,"column":21},"end":{"line":123,"column":null}},"type":"binary-expr","locations":[{"start":{"line":106,"column":21},"end":{"line":106,"column":48}},{"start":{"line":107,"column":22},"end":{"line":107,"column":null}}]},"10":{"loc":{"start":{"line":108,"column":25},"end":{"line":121,"column":null}},"type":"cond-expr","locations":[{"start":{"line":109,"column":26},"end":{"line":113,"column":null}},{"start":{"line":116,"column":26},"end":{"line":120,"column":null}}]},"11":{"loc":{"start":{"line":107,"column":48},"end":{"line":107,"column":70}},"type":"binary-expr","locations":[{"start":{"line":107,"column":48},"end":{"line":107,"column":58}},{"start":{"line":107,"column":62},"end":{"line":107,"column":70}}]},"12":{"loc":{"start":{"line":83,"column":69},"end":{"line":83,"column":91}},"type":"binary-expr","locations":[{"start":{"line":83,"column":69},"end":{"line":83,"column":79}},{"start":{"line":83,"column":83},"end":{"line":83,"column":91}}]}},"s":{"0":1,"1":1,"2":1,"3":1,"4":1,"5":1,"6":1,"7":1,"8":1,"9":1,"10":1,"11":1,"12":1,"13":1,"14":1,"15":11,"16":11,"17":11,"18":11,"19":11,"20":9,"21":11,"22":0,"23":11,"24":0,"25":0,"26":11,"27":1,"28":1,"29":1,"30":11,"31":54,"32":10,"33":48,"34":48,"35":1,"36":1,"37":2},"f":{"0":11,"1":9,"2":0,"3":0,"4":1,"5":1,"6":54,"7":10,"8":48,"9":1,"10":1,"11":2},"b":{"0":[11,0],"1":[11,5],"2":[11,0],"3":[7,41],"4":[48,10],"5":[48,16],"6":[10,5],"7":[5,3],"8":[5,0],"9":[10,10],"10":[7,3],"11":[10,3],"12":[10,3]}}
,"C:\\Users\\USUARIO\\OneDrive\\Documentos\\Mis_Repositorios\\React\\projects\\app-admin-fondos\\src\\interfaces\\funds.interface.ts": {"path":"C:\\Users\\USUARIO\\OneDrive\\Documentos\\Mis_Repositorios\\React\\projects\\app-admin-fondos\\src\\interfaces\\funds.interface.ts","statementMap":{"0":{"start":{"line":9,"column":13},"end":{"line":25,"column":2}},"1":{"start":{"line":17,"column":31},"end":{"line":17,"column":60}},"2":{"start":{"line":26,"column":13},"end":{"line":44,"column":2}},"3":{"start":{"line":34,"column":31},"end":{"line":34,"column":60}},"4":{"start":{"line":45,"column":13},"end":{"line":59,"column":2}},"5":{"start":{"line":53,"column":31},"end":{"line":53,"column":60}}},"fnMap":{"0":{"name":"(anonymous_0)","decl":{"start":{"line":17,"column":12},"end":{"line":17,"column":13}},"loc":{"start":{"line":17,"column":31},"end":{"line":17,"column":60}}},"1":{"name":"(anonymous_1)","decl":{"start":{"line":34,"column":12},"end":{"line":34,"column":13}},"loc":{"start":{"line":34,"column":31},"end":{"line":34,"column":60}}},"2":{"name":"(anonymous_2)","decl":{"start":{"line":53,"column":12},"end":{"line":53,"column":13}},"loc":{"start":{"line":53,"column":31},"end":{"line":53,"column":60}}}},"branchMap":{},"s":{"0":1,"1":5,"2":1,"3":2,"4":1,"5":0},"f":{"0":5,"1":2,"2":0},"b":{}}
}
