{"C:\\Users\\USUARIO\\OneDrive\\Documentos\\Mis_Repositorios\\React\\projects\\app-admin-fondos\\src\\components\\Sidebar.tsx": {"path":"C:\\Users\\USUARIO\\OneDrive\\Documentos\\Mis_Repositorios\\React\\projects\\app-admin-fondos\\src\\components\\Sidebar.tsx","statementMap":{"0":{"start":{"line":7,"column":0},"end":{"line":7,"column":16}},"1":{"start":{"line":1,"column":0},"end":{"line":1,"column":40}},"2":{"start":{"line":2,"column":0},"end":{"line":2,"column":33}},"3":{"start":{"line":3,"column":0},"end":{"line":3,"column":42}},"4":{"start":{"line":4,"column":0},"end":{"line":4,"column":42}},"5":{"start":{"line":5,"column":0},"end":{"line":5,"column":44}},"6":{"start":{"line":8,"column":38},"end":{"line":8,"column":52}},"7":{"start":{"line":9,"column":19},"end":{"line":9,"column":32}},"8":{"start":{"line":10,"column":26},"end":{"line":10,"column":65}},"9":{"start":{"line":10,"column":54},"end":{"line":10,"column":64}},"10":{"start":{"line":12,"column":2},"end":{"line":16,"column":24}},"11":{"start":{"line":13,"column":4},"end":{"line":15,"column":5}},"12":{"start":{"line":14,"column":6},"end":{"line":14,"column":null}},"13":{"start":{"line":17,"column":2},"end":{"line":36,"column":4}}},"fnMap":{"0":{"name":"Sidebar","decl":{"start":{"line":7,"column":16},"end":{"line":7,"column":23}},"loc":{"start":{"line":7,"column":23},"end":{"line":37,"column":1}}},"1":{"name":"(anonymous_1)","decl":{"start":{"line":10,"column":38},"end":{"line":10,"column":39}},"loc":{"start":{"line":10,"column":54},"end":{"line":10,"column":64}}},"2":{"name":"(anonymous_2)","decl":{"start":{"line":12,"column":12},"end":{"line":12,"column":15}},"loc":{"start":{"line":12,"column":17},"end":{"line":16,"column":3}}}},"branchMap":{"0":{"loc":{"start":{"line":13,"column":4},"end":{"line":15,"column":5}},"type":"if","locations":[{"start":{"line":13,"column":4},"end":{"line":15,"column":5}}]},"1":{"loc":{"start":{"line":20,"column":9},"end":{"line":24,"column":null}},"type":"binary-expr","locations":[{"start":{"line":20,"column":9},"end":{"line":20,"column":30}},{"start":{"line":21,"column":10},"end":{"line":23,"column":null}}]},"2":{"loc":{"start":{"line":27,"column":9},"end":{"line":32,"column":null}},"type":"binary-expr","locations":[{"start":{"line":27,"column":9},"end":{"line":27,"column":29}},{"start":{"line":28,"column":10},"end":{"line":31,"column":null}}]}},"s":{"0":1,"1":1,"2":1,"3":1,"4":1,"5":1,"6":1,"7":1,"8":1,"9":2,"10":1,"11":1,"12":0,"13":1},"f":{"0":1,"1":2,"2":1},"b":{"0":[0],"1":[1,1],"2":[1,0]}}
}
