TN:
SF:src\components\Sidebar.tsx
FN:7,Sidebar
FN:10,(anonymous_1)
FN:12,(anonymous_2)
FNF:3
FNH:3
FNDA:1,Sidebar
FNDA:2,(anonymous_1)
FNDA:1,(anonymous_2)
DA:1,1
DA:2,1
DA:3,1
DA:4,1
DA:5,1
DA:7,1
DA:8,1
DA:9,1
DA:10,2
DA:12,1
DA:13,1
DA:14,0
DA:17,1
LF:13
LH:12
BRDA:13,0,0,0
BRDA:20,1,0,1
BRDA:20,1,1,1
BRDA:27,2,0,1
BRDA:27,2,1,0
BRF:5
BRH:3
end_of_record
TN:
SF:src\components\TableData.tsx
FN:18,TableData
FN:28,(anonymous_8)
FN:32,(anonymous_9)
FN:36,(anonymous_10)
FN:42,(anonymous_11)
FN:44,(anonymous_12)
FN:58,(anonymous_13)
FN:81,(anonymous_14)
FN:84,(anonymous_15)
FN:99,(anonymous_16)
FN:111,(anonymous_17)
FN:118,(anonymous_18)
FNF:12
FNH:10
FNDA:11,TableData
FNDA:9,(anonymous_8)
FNDA:0,(anonymous_9)
FNDA:0,(anonymous_10)
FNDA:1,(anonymous_11)
FNDA:1,(anonymous_12)
FNDA:54,(anonymous_13)
FNDA:10,(anonymous_14)
FNDA:48,(anonymous_15)
FNDA:1,(anonymous_16)
FNDA:1,(anonymous_17)
FNDA:2,(anonymous_18)
DA:2,1
DA:3,1
DA:4,1
DA:5,1
DA:6,1
DA:7,1
DA:8,1
DA:9,1
DA:10,1
DA:11,1
DA:12,1
DA:13,1
DA:14,1
DA:15,1
DA:18,1
DA:21,11
DA:22,11
DA:23,11
DA:26,11
DA:28,11
DA:29,9
DA:32,11
DA:33,0
DA:36,11
DA:37,0
DA:38,0
DA:42,11
DA:43,1
DA:44,1
DA:50,11
DA:59,54
DA:83,10
DA:85,48
DA:86,48
DA:99,1
DA:111,1
DA:118,2
LF:37
LH:34
BRDA:23,0,0,11
BRDA:23,0,1,0
BRDA:69,1,0,11
BRDA:69,1,1,5
BRDA:74,2,0,11
BRDA:74,2,1,0
BRDA:89,3,0,7
BRDA:89,3,1,41
BRDA:89,4,0,48
BRDA:89,4,1,10
BRDA:88,5,0,48
BRDA:88,5,1,16
BRDA:95,6,0,10
BRDA:95,6,1,5
BRDA:98,7,0,5
BRDA:98,7,1,3
BRDA:96,8,0,5
BRDA:96,8,1,0
BRDA:106,9,0,10
BRDA:106,9,1,10
BRDA:108,10,0,7
BRDA:108,10,1,3
BRDA:107,11,0,10
BRDA:107,11,1,3
BRDA:83,12,0,10
BRDA:83,12,1,3
BRF:26
BRH:23
end_of_record
TN:
SF:src\interfaces\funds.interface.ts
FN:17,(anonymous_0)
FN:34,(anonymous_1)
FN:53,(anonymous_2)
FNF:3
FNH:2
FNDA:5,(anonymous_0)
FNDA:2,(anonymous_1)
FNDA:0,(anonymous_2)
DA:9,1
DA:17,5
DA:26,1
DA:34,2
DA:45,1
DA:53,0
LF:6
LH:5
BRF:0
BRH:0
end_of_record
